#
# A fatal error has been detected by the Java Runtime Environment:
#
#  SIGSEGV (0xb) at pc=0x0000000126ffcb99, pid=16065, tid=4867
#
# JRE version: Java(TM) SE Runtime Environment (8.0_20-b26) (build 1.8.0_20-b26)
# Java VM: Java HotSpot(TM) 64-Bit Server VM (25.20-b23 mixed mode bsd-amd64 compressed oops)
# Problematic frame:
# C  [libawt_lwawt.dylib+0x44b99]  JNI_OnLoad+0x91
#
# Failed to write core dump. Core dumps have been disabled. To enable core dumping, try "ulimit -c unlimited" before starting Java again
#
# If you would like to submit a bug report, please visit:
#   http://bugreport.sun.com/bugreport/crash.jsp
# The crash happened outside the Java Virtual Machine in native code.
# See problematic frame for where to report the bug.
#

---------------  T H R E A D  ---------------

Current thread (0x00007f95a3006000):  JavaThread "main" [_thread_in_native, id=4867, stack(0x0000000101e26000,0x0000000101f26000)]

siginfo: si_signo: 11 (SIGSEGV), si_code: 1 (SEGV_MAPERR), si_addr: 0x0000000000000000

Registers:
RAX=0x0000000127101870, RBX=0x0000000000000000, RCX=0x000000000000004d, RDX=0x00007f95a4a0eb30
RSP=0x0000000101f25430, RBP=0x0000000101f254b0, RSI=0x0000000101f25414, RDI=0x0000000000000000
R8 =0x00000000fffffff0, R9 =0x0000000000000010, R10=0x00000000000002a0, R11=0x00000001271ea5a1
R12=0x00007f95a4c02540, R13=0x0000000126ffcb08, R14=0x00000001057e30d8, R15=0x00007f95a30061e8
RIP=0x0000000126ffcb99, EFLAGS=0x0000000000010206, ERR=0x0000000000000004
  TRAPNO=0x000000000000000e

Top of Stack: (sp=0x0000000101f25430)
0x0000000101f25430:   0000000000000000 0000000101f51bf1
0x0000000101f25440:   0000000000000000 0000000126ffcb08
0x0000000101f25450:   0000000101f254b0 0000000101f378f3
0x0000000101f25460:   00007f95a30061e8 0000000101f25480
0x0000000101f25470:   00007f95a4c02540 0000000101f51bfc
0x0000000101f25480:   0000000101f51bf1 940028732eb9de73
0x0000000101f25490:   0000000000000000 00007f95a4c02540
0x0000000101f254a0:   0000000101f256b0 00007f95a30061e8
0x0000000101f254b0:   0000000101f25610 0000000101f37c4b
0x0000000101f254c0:   0000000101f255d0 0000000101f256a8
0x0000000101f254d0:   00007f95a4a0eca0 00000001057e30d8
0x0000000101f254e0:   0000000105f20310 0000000100000000
0x0000000101f254f0:   0000000101f25628 0000000101f255c8
0x0000000101f25500:   000000011fb684b0 0000000101f255c8
0x0000000101f25510:   0000000105f45783 0000000105f20310
0x0000000101f25520:   0000000100000000 0000000101f25628
0x0000000101f25530:   0000000101f255c8 000000011fb684b0
0x0000000101f25540:   0000000105f22a0d 000000011fb63fc8
0x0000000101f25550:   000000011fb63fc8 0000000101f255c8
0x0000000101f25560:   00007f95a3006000 0000000101f256a8
0x0000000101f25570:   0000000101f25638 0000000000000000
0x0000000101f25580:   0000000000000001 0000000101f25588
0x0000000101f25590:   000000011fb67dc8 0000000101f255e0
0x0000000101f255a0:   000000011fb6da30 0000000000000000
0x0000000101f255b0:   000000011fb67de0 0000000000000000
0x0000000101f255c0:   0000000101f255d8 0000000000000000
0x0000000101f255d0:   000000076abf9c80 0000000000000000
0x0000000101f255e0:   940028732eb9de73 000000011fc17bd0
0x0000000101f255f0:   0000000000000000 000000011fc17bd0
0x0000000101f25600:   0000000101f256b0 00007f95a3006000
0x0000000101f25610:   0000000101f25680 0000000105f34744
0x0000000101f25620:   000000011fb68c08 0000000000000000 

Instructions: (pc=0x0000000126ffcb99)
0x0000000126ffcb79:   c0 e8 2f 0b 00 00 4c 89 f7 e8 7f 04 00 00 48 c7
0x0000000126ffcb89:   45 80 00 00 00 00 48 8b 05 a2 c8 02 00 48 8b 38
0x0000000126ffcb99:   48 8b 07 48 8d 75 80 ba 04 00 01 00 ff 50 30 85
0x0000000126ffcba9:   c0 75 07 48 83 7d 80 00 75 53 48 8b 35 ce 4d 03 

Register to memory mapping:

RAX=0x0000000127101870: jvm+0 in /Library/Java/JavaVirtualMachines/jdk1.8.0_20.jdk/Contents/Home/jre/lib/./libawt.dylib at 0x000000012706b000
RBX=0x0000000000000000 is an unknown value
RCX=0x000000000000004d is an unknown value
RDX=0x00007f95a4a0eb30 is an unknown value
RSP=0x0000000101f25430 is pointing into the stack for thread: 0x00007f95a3006000
RBP=0x0000000101f254b0 is pointing into the stack for thread: 0x00007f95a3006000
RSI=0x0000000101f25414 is pointing into the stack for thread: 0x00007f95a3006000
RDI=0x0000000000000000 is an unknown value
R8 =0x00000000fffffff0 is an unknown value
R9 =0x0000000000000010 is an unknown value
R10=0x00000000000002a0 is an unknown value
R11=0x00000001271ea5a1: OSXAPP_SetJavaVM+0 in /Library/Java/JavaVirtualMachines/jdk1.8.0_20.jdk/Contents/Home/jre/lib/./libosxapp.dylib at 0x00000001271e6000
R12=0x00007f95a4c02540 is an unknown value
R13=0x0000000126ffcb08: JNI_OnLoad+0 in /Library/Java/JavaVirtualMachines/jdk1.8.0_20.jdk/Contents/Home/jre/lib/./libawt_lwawt.dylib at 0x0000000126fb8000
R14=0x00000001057e30d8: main_vm+0 in /Library/Java/JavaVirtualMachines/jdk1.8.0_20.jdk/Contents/Home/jre/lib/server/libjvm.dylib at 0x0000000105000000
R15=0x00007f95a30061e8 is an unknown value


Stack: [0x0000000101e26000,0x0000000101f26000],  sp=0x0000000101f25430,  free space=1021k
Native frames: (J=compiled Java code, j=interpreted, Vv=VM code, C=native code)
C  [libawt_lwawt.dylib+0x44b99]  JNI_OnLoad+0x91
C  [libjava.dylib+0x1c4b]  Java_java_lang_ClassLoader_00024NativeLibrary_load+0xd0
j  java.lang.ClassLoader$NativeLibrary.load(Ljava/lang/String;Z)V+0
j  java.lang.ClassLoader.loadLibrary0(Ljava/lang/Class;Ljava/io/File;)Z+328
j  java.lang.ClassLoader.loadLibrary(Ljava/lang/Class;Ljava/lang/String;Z)V+217
j  java.lang.Runtime.loadLibrary0(Ljava/lang/Class;Ljava/lang/String;)V+54
j  java.lang.System.loadLibrary(Ljava/lang/String;)V+7
j  com.dreaminsteam.jarcade.Jarcade.main([Ljava/lang/String;)V+2
v  ~StubRoutines::call_stub
V  [libjvm.dylib+0x2d429e]  JavaCalls::call_helper(JavaValue*, methodHandle*, JavaCallArguments*, Thread*)+0x6ae
V  [libjvm.dylib+0x309377]  jni_invoke_static(JNIEnv_*, JavaValue*, _jobject*, JNICallType, _jmethodID*, JNI_ArgumentPusher*, Thread*)+0x1bf
V  [libjvm.dylib+0x302571]  jni_CallStaticVoidMethod+0x15d
C  [java+0x2c82]  JavaMain+0x998
C  [libsystem_pthread.dylib+0x3268]  _pthread_body+0x83
C  [libsystem_pthread.dylib+0x31e5]  _pthread_body+0x0
C  [libsystem_pthread.dylib+0x141d]  thread_start+0xd
C  0x0000000000000000

Java frames: (J=compiled Java code, j=interpreted, Vv=VM code)
j  java.lang.ClassLoader$NativeLibrary.load(Ljava/lang/String;Z)V+0
j  java.lang.ClassLoader.loadLibrary0(Ljava/lang/Class;Ljava/io/File;)Z+328
j  java.lang.ClassLoader.loadLibrary(Ljava/lang/Class;Ljava/lang/String;Z)V+217
j  java.lang.Runtime.loadLibrary0(Ljava/lang/Class;Ljava/lang/String;)V+54
j  java.lang.System.loadLibrary(Ljava/lang/String;)V+7
j  com.dreaminsteam.jarcade.Jarcade.main([Ljava/lang/String;)V+2
v  ~StubRoutines::call_stub

---------------  P R O C E S S  ---------------

Java Threads: ( => current thread )
  0x00007f95a3822000 JavaThread "Service Thread" daemon [_thread_blocked, id=31491, stack(0x0000000126d7a000,0x0000000126e7a000)]
  0x00007f95a601c000 JavaThread "C1 CompilerThread11" daemon [_thread_blocked, id=30979, stack(0x0000000126c77000,0x0000000126d77000)]
  0x00007f95a5030000 JavaThread "C1 CompilerThread10" daemon [_thread_blocked, id=30467, stack(0x0000000126b74000,0x0000000126c74000)]
  0x00007f95a502f800 JavaThread "C1 CompilerThread9" daemon [_thread_blocked, id=29955, stack(0x0000000126a71000,0x0000000126b71000)]
  0x00007f95a6013800 JavaThread "C1 CompilerThread8" daemon [_thread_blocked, id=29443, stack(0x000000012696e000,0x0000000126a6e000)]
  0x00007f95a6012800 JavaThread "C2 CompilerThread7" daemon [_thread_blocked, id=28931, stack(0x000000012686b000,0x000000012696b000)]
  0x00007f95a502d800 JavaThread "C2 CompilerThread6" daemon [_thread_blocked, id=28419, stack(0x0000000126768000,0x0000000126868000)]
  0x00007f95a502e800 JavaThread "C2 CompilerThread5" daemon [_thread_blocked, id=27907, stack(0x0000000126665000,0x0000000126765000)]
  0x00007f95a6801800 JavaThread "C2 CompilerThread4" daemon [_thread_blocked, id=27395, stack(0x0000000126562000,0x0000000126662000)]
  0x00007f95a600a000 JavaThread "C2 CompilerThread3" daemon [_thread_blocked, id=26883, stack(0x000000012645f000,0x000000012655f000)]
  0x00007f95a6009000 JavaThread "C2 CompilerThread2" daemon [_thread_blocked, id=26371, stack(0x000000012635c000,0x000000012645c000)]
  0x00007f95a6008800 JavaThread "C2 CompilerThread1" daemon [_thread_blocked, id=25859, stack(0x0000000126259000,0x0000000126359000)]
  0x00007f95a6006800 JavaThread "C2 CompilerThread0" daemon [_thread_blocked, id=25347, stack(0x0000000126156000,0x0000000126256000)]
  0x00007f95a4002800 JavaThread "JDWP Command Reader" daemon [_thread_in_native, id=24835, stack(0x0000000126053000,0x0000000126153000)]
  0x00007f95a4002000 JavaThread "JDWP Event Helper Thread" daemon [_thread_blocked, id=24323, stack(0x0000000125f50000,0x0000000126050000)]
  0x00007f95a4001000 JavaThread "JDWP Transport Listener: dt_socket" daemon [_thread_blocked, id=23811, stack(0x0000000125e4d000,0x0000000125f4d000)]
  0x00007f95a382d000 JavaThread "Signal Dispatcher" daemon [_thread_blocked, id=20503, stack(0x0000000125d43000,0x0000000125e43000)]
  0x00007f95a5805000 JavaThread "Finalizer" daemon [_thread_blocked, id=18691, stack(0x0000000124322000,0x0000000124422000)]
  0x00007f95a5804000 JavaThread "Reference Handler" daemon [_thread_blocked, id=18179, stack(0x000000012421f000,0x000000012431f000)]
=>0x00007f95a3006000 JavaThread "main" [_thread_in_native, id=4867, stack(0x0000000101e26000,0x0000000101f26000)]

Other Threads:
  0x00007f95a5057800 VMThread [stack: 0x000000012411c000,0x000000012421c000] [id=17667]
  0x00007f95a3839000 WatcherThread [stack: 0x0000000126e7d000,0x0000000126f7d000] [id=32003]

VM state:not at safepoint (normal execution)

VM Mutex/Monitor currently owned by a thread: None

Heap:
 PSYoungGen      total 76288K, used 7864K [0x000000076ab00000, 0x0000000770000000, 0x00000007c0000000)
  eden space 65536K, 12% used [0x000000076ab00000,0x000000076b2ae258,0x000000076eb00000)
  from space 10752K, 0% used [0x000000076f580000,0x000000076f580000,0x0000000770000000)
  to   space 10752K, 0% used [0x000000076eb00000,0x000000076eb00000,0x000000076f580000)
 ParOldGen       total 175104K, used 0K [0x00000006c0000000, 0x00000006cab00000, 0x000000076ab00000)
  object space 175104K, 0% used [0x00000006c0000000,0x00000006c0000000,0x00000006cab00000)
 Metaspace       used 3069K, capacity 4522K, committed 4864K, reserved 1056768K
  class space    used 328K, capacity 418K, committed 512K, reserved 1048576K

Card table byte_map: [0x00000001152db000,0x0000000115adc000] byte_map_base: 0x0000000111cdb000

Marking Bits: (ParMarkBitMap*) 0x000000010589c330
 Begin Bits: [0x0000000117268000, 0x000000011b268000)
 End Bits:   [0x000000011b268000, 0x000000011f268000)

Polling page: 0x0000000101f6a000

CodeCache: size=245760Kb used=2875Kb max_used=2876Kb free=242884Kb
 bounds [0x0000000105f1b000, 0x00000001061eb000, 0x0000000114f1b000]
 total_blobs=290 nmethods=61 adapters=150
 compilation: enabled

Compilation events (10 events):
Event: 0.265 Thread 0x00007f95a6013800   57       1       java.lang.StringCoding$StringEncoder::requestedCharsetName (5 bytes)
Event: 0.265 Thread 0x00007f95a6013800 nmethod 57 0x00000001061e8d50 code [0x00000001061e8ea0, 0x00000001061e8fb0]
Event: 0.271 Thread 0x00007f95a5030000   58       1       java.net.URL::getProtocol (5 bytes)
Event: 0.271 Thread 0x00007f95a5030000 nmethod 58 0x00000001061e8a90 code [0x00000001061e8be0, 0x00000001061e8cf0]
Event: 0.271 Thread 0x00007f95a502f800   59       3       java.util.Arrays::copyOf (19 bytes)
Event: 0.271 Thread 0x00007f95a502f800 nmethod 59 0x00000001061e8490 code [0x00000001061e8620, 0x00000001061e8948]
Event: 0.278 Thread 0x00007f95a601c000   60       3       java.lang.AbstractStringBuilder::expandCapacity (50 bytes)
Event: 0.278 Thread 0x00007f95a6013800   61       3       java.util.HashMap::get (23 bytes)
Event: 0.278 Thread 0x00007f95a6013800 nmethod 61 0x00000001061e7b50 code [0x00000001061e7ce0, 0x00000001061e80f8]
Event: 0.279 Thread 0x00007f95a601c000 nmethod 60 0x00000001061e7210 code [0x00000001061e73c0, 0x00000001061e7918]

GC Heap History (0 events):
No events

Deoptimization events (0 events):
No events

Internal exceptions (10 events):
Event: 0.264 Thread 0x00007f95a3006000 Exception <a 'java/security/PrivilegedActionException'> (0x000000076abd9658) thrown at [/HUDSON3/workspace/8-2-build-macosx-x86_64/jdk8u20/1074/hotspot/src/share/vm/prims/jvm.cpp, line 1275]
Event: 0.264 Thread 0x00007f95a3006000 Exception <a 'java/security/PrivilegedActionException'> (0x000000076abd9810) thrown at [/HUDSON3/workspace/8-2-build-macosx-x86_64/jdk8u20/1074/hotspot/src/share/vm/prims/jvm.cpp, line 1275]
Event: 0.264 Thread 0x00007f95a3006000 Exception <a 'java/util/zip/ZipException'> (0x000000076abda538) thrown at [/HUDSON3/workspace/8-2-build-macosx-x86_64/jdk8u20/1074/hotspot/src/share/vm/prims/jni.cpp, line 716]
Event: 0.264 Thread 0x00007f95a3006000 Exception <a 'java/security/PrivilegedActionException'> (0x000000076abda6e8) thrown at [/HUDSON3/workspace/8-2-build-macosx-x86_64/jdk8u20/1074/hotspot/src/share/vm/prims/jvm.cpp, line 1275]
Event: 0.265 Thread 0x00007f95a3006000 Exception <a 'java/security/PrivilegedActionException'> (0x000000076abda8a0) thrown at [/HUDSON3/workspace/8-2-build-macosx-x86_64/jdk8u20/1074/hotspot/src/share/vm/prims/jvm.cpp, line 1275]
Event: 0.272 Thread 0x00007f95a3006000 Exception <a 'java/util/zip/ZipException'> (0x000000076abec4d0) thrown at [/HUDSON3/workspace/8-2-build-macosx-x86_64/jdk8u20/1074/hotspot/src/share/vm/prims/jni.cpp, line 716]
Event: 0.272 Thread 0x00007f95a3006000 Exception <a 'java/security/PrivilegedActionException'> (0x000000076abec680) thrown at [/HUDSON3/workspace/8-2-build-macosx-x86_64/jdk8u20/1074/hotspot/src/share/vm/prims/jvm.cpp, line 1275]
Event: 0.272 Thread 0x00007f95a3006000 Exception <a 'java/security/PrivilegedActionException'> (0x000000076abec838) thrown at [/HUDSON3/workspace/8-2-build-macosx-x86_64/jdk8u20/1074/hotspot/src/share/vm/prims/jvm.cpp, line 1275]
Event: 0.272 Thread 0x00007f95a3006000 Exception <a 'java/security/PrivilegedActionException'> (0x000000076abecba8) thrown at [/HUDSON3/workspace/8-2-build-macosx-x86_64/jdk8u20/1074/hotspot/src/share/vm/prims/jvm.cpp, line 1275]
Event: 0.278 Thread 0x00007f95a3006000 Exception <a 'java/security/PrivilegedActionException'> (0x000000076abf60e0) thrown at [/HUDSON3/workspace/8-2-build-macosx-x86_64/jdk8u20/1074/hotspot/src/share/vm/prims/jvm.cpp, line 1275]

Events (10 events):
Event: 0.278 loading class javax/swing/JFrame
Event: 0.278 loading class javax/swing/WindowConstants
Event: 0.278 loading class javax/swing/WindowConstants done
Event: 0.278 loading class javax/swing/RootPaneContainer
Event: 0.279 loading class javax/swing/RootPaneContainer done
Event: 0.279 loading class javax/swing/TransferHandler$HasGetTransferHandler
Event: 0.279 loading class javax/swing/TransferHandler$HasGetTransferHandler done
Event: 0.279 loading class java/awt/Frame
Event: 0.279 loading class java/awt/Frame done
Event: 0.279 loading class javax/swing/JFrame done


Dynamic libraries:
0x000000000224d000 	/System/Library/Frameworks/Cocoa.framework/Versions/A/Cocoa
0x000000000224d000 	/System/Library/Frameworks/Security.framework/Versions/A/Security
0x000000000224d000 	/System/Library/Frameworks/ApplicationServices.framework/Versions/A/ApplicationServices
0x000000000224d000 	/usr/lib/libz.1.dylib
0x000000000224d000 	/usr/lib/libSystem.B.dylib
0x000000000224d000 	/usr/lib/libobjc.A.dylib
0x000000000224d000 	/System/Library/Frameworks/CoreFoundation.framework/Versions/A/CoreFoundation
0x000000000224d000 	/System/Library/Frameworks/Foundation.framework/Versions/C/Foundation
0x000000000224d000 	/System/Library/Frameworks/AppKit.framework/Versions/C/AppKit
0x000000000224d000 	/System/Library/Frameworks/CoreData.framework/Versions/A/CoreData
0x000000000224d000 	/System/Library/PrivateFrameworks/RemoteViewServices.framework/Versions/A/RemoteViewServices
0x000000000224d000 	/System/Library/PrivateFrameworks/UIFoundation.framework/Versions/A/UIFoundation
0x000000000224d000 	/System/Library/Frameworks/IOSurface.framework/Versions/A/IOSurface
0x000000000224d000 	/System/Library/Frameworks/AudioToolbox.framework/Versions/A/AudioToolbox
0x000000000224d000 	/System/Library/Frameworks/AudioUnit.framework/Versions/A/AudioUnit
0x000000000224d000 	/System/Library/PrivateFrameworks/DataDetectorsCore.framework/Versions/A/DataDetectorsCore
0x000000000224d000 	/System/Library/PrivateFrameworks/DesktopServicesPriv.framework/Versions/A/DesktopServicesPriv
0x000000000224d000 	/System/Library/Frameworks/Carbon.framework/Versions/A/Frameworks/HIToolbox.framework/Versions/A/HIToolbox
0x000000000224d000 	/System/Library/Frameworks/QuartzCore.framework/Versions/A/QuartzCore
0x000000000224d000 	/System/Library/Frameworks/Carbon.framework/Versions/A/Frameworks/SpeechRecognition.framework/Versions/A/SpeechRecognition
0x000000000224d000 	/usr/lib/libauto.dylib
0x000000000224d000 	/usr/lib/libicucore.A.dylib
0x000000000224d000 	/usr/lib/libxml2.2.dylib
0x000000000224d000 	/System/Library/PrivateFrameworks/CoreUI.framework/Versions/A/CoreUI
0x000000000224d000 	/System/Library/Frameworks/CoreAudio.framework/Versions/A/CoreAudio
0x000000000224d000 	/System/Library/Frameworks/DiskArbitration.framework/Versions/A/DiskArbitration
0x000000000224d000 	/usr/lib/liblangid.dylib
0x000000000224d000 	/System/Library/PrivateFrameworks/MultitouchSupport.framework/Versions/A/MultitouchSupport
0x000000000224d000 	/System/Library/Frameworks/IOKit.framework/Versions/A/IOKit
0x000000000224d000 	/usr/lib/libDiagnosticMessagesClient.dylib
0x000000000224d000 	/System/Library/Frameworks/CoreServices.framework/Versions/A/CoreServices
0x000000000224d000 	/System/Library/PrivateFrameworks/PerformanceAnalysis.framework/Versions/A/PerformanceAnalysis
0x000000000224d000 	/System/Library/PrivateFrameworks/GenerationalStorage.framework/Versions/A/GenerationalStorage
0x000000000224d000 	/System/Library/Frameworks/OpenGL.framework/Versions/A/OpenGL
0x000000000224d000 	/System/Library/PrivateFrameworks/Sharing.framework/Versions/A/Sharing
0x000000000224d000 	/System/Library/Frameworks/CoreGraphics.framework/Versions/A/CoreGraphics
0x000000000224d000 	/System/Library/Frameworks/CoreText.framework/Versions/A/CoreText
0x000000000224d000 	/System/Library/Frameworks/ImageIO.framework/Versions/A/ImageIO
0x000000000224d000 	/usr/lib/libextension.dylib
0x000000000224d000 	/System/Library/PrivateFrameworks/Backup.framework/Versions/A/Backup
0x000000000224d000 	/usr/lib/libarchive.2.dylib
0x000000000224d000 	/System/Library/Frameworks/CFNetwork.framework/Versions/A/CFNetwork
0x000000000224d000 	/System/Library/Frameworks/SystemConfiguration.framework/Versions/A/SystemConfiguration
0x000000000224d000 	/usr/lib/libCRFSuite.dylib
0x000000000224d000 	/usr/lib/libc++.1.dylib
0x000000000224d000 	/usr/lib/libc++abi.dylib
0x000000000224d000 	/usr/lib/system/libcache.dylib
0x000000000224d000 	/usr/lib/system/libcommonCrypto.dylib
0x000000000224d000 	/usr/lib/system/libcompiler_rt.dylib
0x000000000224d000 	/usr/lib/system/libcopyfile.dylib
0x000000000224d000 	/usr/lib/system/libcorecrypto.dylib
0x000000000224d000 	/usr/lib/system/libdispatch.dylib
0x000000000224d000 	/usr/lib/system/libdyld.dylib
0x000000000224d000 	/usr/lib/system/libkeymgr.dylib
0x000000000224d000 	/usr/lib/system/liblaunch.dylib
0x000000000224d000 	/usr/lib/system/libmacho.dylib
0x000000000224d000 	/usr/lib/system/libquarantine.dylib
0x000000000224d000 	/usr/lib/system/libremovefile.dylib
0x000000000224d000 	/usr/lib/system/libsystem_asl.dylib
0x000000000224d000 	/usr/lib/system/libsystem_blocks.dylib
0x000000000224d000 	/usr/lib/system/libsystem_c.dylib
0x000000000224d000 	/usr/lib/system/libsystem_configuration.dylib
0x000000000224d000 	/usr/lib/system/libsystem_coreservices.dylib
0x000000000224d000 	/usr/lib/system/libsystem_coretls.dylib
0x000000000224d000 	/usr/lib/system/libsystem_dnssd.dylib
0x000000000224d000 	/usr/lib/system/libsystem_info.dylib
0x000000000224d000 	/usr/lib/system/libsystem_kernel.dylib
0x000000000224d000 	/usr/lib/system/libsystem_m.dylib
0x000000000224d000 	/usr/lib/system/libsystem_malloc.dylib
0x000000000224d000 	/usr/lib/system/libsystem_network.dylib
0x000000000224d000 	/usr/lib/system/libsystem_networkextension.dylib
0x000000000224d000 	/usr/lib/system/libsystem_notify.dylib
0x000000000224d000 	/usr/lib/system/libsystem_platform.dylib
0x000000000224d000 	/usr/lib/system/libsystem_pthread.dylib
0x000000000224d000 	/usr/lib/system/libsystem_sandbox.dylib
0x000000000224d000 	/usr/lib/system/libsystem_secinit.dylib
0x000000000224d000 	/usr/lib/system/libsystem_stats.dylib
0x000000000224d000 	/usr/lib/system/libsystem_trace.dylib
0x000000000224d000 	/usr/lib/system/libunc.dylib
0x000000000224d000 	/usr/lib/system/libunwind.dylib
0x000000000224d000 	/usr/lib/system/libxpc.dylib
0x000000000224d000 	/usr/lib/libbz2.1.0.dylib
0x000000000224d000 	/usr/lib/liblzma.5.dylib
0x000000000224d000 	/usr/lib/libbsm.0.dylib
0x000000000224d000 	/usr/lib/libsqlite3.dylib
0x000000000224d000 	/usr/lib/system/libkxld.dylib
0x000000000224d000 	/usr/lib/libxar.1.dylib
0x000000000224d000 	/usr/lib/libpam.2.dylib
0x000000000224d000 	/usr/lib/libOpenScriptingUtil.dylib
0x000000000224d000 	/System/Library/Frameworks/CoreServices.framework/Versions/A/Frameworks/FSEvents.framework/Versions/A/FSEvents
0x000000000224d000 	/System/Library/Frameworks/CoreServices.framework/Versions/A/Frameworks/CarbonCore.framework/Versions/A/CarbonCore
0x000000000224d000 	/System/Library/Frameworks/CoreServices.framework/Versions/A/Frameworks/Metadata.framework/Versions/A/Metadata
0x000000000224d000 	/System/Library/Frameworks/CoreServices.framework/Versions/A/Frameworks/OSServices.framework/Versions/A/OSServices
0x000000000224d000 	/System/Library/Frameworks/CoreServices.framework/Versions/A/Frameworks/SearchKit.framework/Versions/A/SearchKit
0x000000000224d000 	/System/Library/Frameworks/CoreServices.framework/Versions/A/Frameworks/AE.framework/Versions/A/AE
0x000000000224d000 	/System/Library/Frameworks/CoreServices.framework/Versions/A/Frameworks/LaunchServices.framework/Versions/A/LaunchServices
0x000000000224d000 	/System/Library/Frameworks/CoreServices.framework/Versions/A/Frameworks/DictionaryServices.framework/Versions/A/DictionaryServices
0x000000000224d000 	/System/Library/Frameworks/NetFS.framework/Versions/A/NetFS
0x000000000224d000 	/System/Library/PrivateFrameworks/NetAuth.framework/Versions/A/NetAuth
0x000000000224d000 	/System/Library/PrivateFrameworks/login.framework/Versions/A/Frameworks/loginsupport.framework/Versions/A/loginsupport
0x000000000224d000 	/System/Library/PrivateFrameworks/TCC.framework/Versions/A/TCC
0x000000000224d000 	/usr/lib/libmecabra.dylib
0x000000000224d000 	/System/Library/Frameworks/ApplicationServices.framework/Versions/A/Frameworks/ATS.framework/Versions/A/ATS
0x000000000224d000 	/System/Library/Frameworks/ApplicationServices.framework/Versions/A/Frameworks/ColorSync.framework/Versions/A/ColorSync
0x000000000224d000 	/System/Library/Frameworks/ApplicationServices.framework/Versions/A/Frameworks/HIServices.framework/Versions/A/HIServices
0x000000000224d000 	/System/Library/Frameworks/ApplicationServices.framework/Versions/A/Frameworks/LangAnalysis.framework/Versions/A/LangAnalysis
0x000000000224d000 	/System/Library/Frameworks/ApplicationServices.framework/Versions/A/Frameworks/PrintCore.framework/Versions/A/PrintCore
0x000000000224d000 	/System/Library/Frameworks/ApplicationServices.framework/Versions/A/Frameworks/QD.framework/Versions/A/QD
0x000000000224d000 	/System/Library/Frameworks/ApplicationServices.framework/Versions/A/Frameworks/SpeechSynthesis.framework/Versions/A/SpeechSynthesis
0x000000000224d000 	/System/Library/Frameworks/Accelerate.framework/Versions/A/Accelerate
0x000000000224d000 	/System/Library/Frameworks/Accelerate.framework/Versions/A/Frameworks/vImage.framework/Versions/A/vImage
0x000000000224d000 	/System/Library/Frameworks/Accelerate.framework/Versions/A/Frameworks/vecLib.framework/Versions/A/vecLib
0x000000000224d000 	/System/Library/Frameworks/Accelerate.framework/Versions/A/Frameworks/vecLib.framework/Versions/A/libvDSP.dylib
0x000000000224d000 	/System/Library/Frameworks/Accelerate.framework/Versions/A/Frameworks/vecLib.framework/Versions/A/libvMisc.dylib
0x000000000224d000 	/System/Library/Frameworks/Accelerate.framework/Versions/A/Frameworks/vecLib.framework/Versions/A/libLAPACK.dylib
0x000000000224d000 	/System/Library/Frameworks/Accelerate.framework/Versions/A/Frameworks/vecLib.framework/Versions/A/libBLAS.dylib
0x000000000224d000 	/System/Library/Frameworks/Accelerate.framework/Versions/A/Frameworks/vecLib.framework/Versions/A/libLinearAlgebra.dylib
0x000000000224d000 	/System/Library/Frameworks/ApplicationServices.framework/Versions/A/Frameworks/ATS.framework/Versions/A/Resources/libFontParser.dylib
0x000000000224d000 	/System/Library/Frameworks/ApplicationServices.framework/Versions/A/Frameworks/ATS.framework/Versions/A/Resources/libFontRegistry.dylib
0x000000000224d000 	/System/Library/PrivateFrameworks/AppleVPA.framework/Versions/A/AppleVPA
0x000000000224d000 	/System/Library/PrivateFrameworks/AppleJPEG.framework/Versions/A/AppleJPEG
0x000000000224d000 	/System/Library/Frameworks/ImageIO.framework/Versions/A/Resources/libJPEG.dylib
0x000000000224d000 	/System/Library/Frameworks/ImageIO.framework/Versions/A/Resources/libTIFF.dylib
0x000000000224d000 	/System/Library/Frameworks/ImageIO.framework/Versions/A/Resources/libPng.dylib
0x000000000224d000 	/System/Library/Frameworks/ImageIO.framework/Versions/A/Resources/libGIF.dylib
0x000000000224d000 	/System/Library/Frameworks/ImageIO.framework/Versions/A/Resources/libJP2.dylib
0x000000000224d000 	/System/Library/Frameworks/ImageIO.framework/Versions/A/Resources/libRadiance.dylib
0x000000000224d000 	/System/Library/Frameworks/CoreVideo.framework/Versions/A/CoreVideo
0x000000000224d000 	/System/Library/Frameworks/OpenGL.framework/Versions/A/Libraries/libGLU.dylib
0x000000000224d000 	/System/Library/Frameworks/OpenGL.framework/Versions/A/Libraries/libGFXShared.dylib
0x000000000224d000 	/System/Library/Frameworks/OpenGL.framework/Versions/A/Libraries/libGL.dylib
0x000000000224d000 	/System/Library/Frameworks/OpenGL.framework/Versions/A/Libraries/libGLImage.dylib
0x000000000224d000 	/System/Library/Frameworks/OpenGL.framework/Versions/A/Libraries/libCVMSPluginSupport.dylib
0x000000000224d000 	/System/Library/Frameworks/OpenGL.framework/Versions/A/Libraries/libCoreVMClient.dylib
0x000000000224d000 	/usr/lib/libcups.2.dylib
0x000000000224d000 	/System/Library/Frameworks/Kerberos.framework/Versions/A/Kerberos
0x000000000224d000 	/System/Library/Frameworks/GSS.framework/Versions/A/GSS
0x000000000224d000 	/usr/lib/libresolv.9.dylib
0x000000000224d000 	/usr/lib/libiconv.2.dylib
0x000000000224d000 	/System/Library/PrivateFrameworks/Heimdal.framework/Versions/A/Heimdal
0x000000000224d000 	/usr/lib/libheimdal-asn1.dylib
0x000000000224d000 	/System/Library/Frameworks/OpenDirectory.framework/Versions/A/OpenDirectory
0x000000000224d000 	/System/Library/PrivateFrameworks/CommonAuth.framework/Versions/A/CommonAuth
0x000000000224d000 	/System/Library/Frameworks/OpenDirectory.framework/Versions/A/Frameworks/CFOpenDirectory.framework/Versions/A/CFOpenDirectory
0x000000000224d000 	/System/Library/Frameworks/SecurityFoundation.framework/Versions/A/SecurityFoundation
0x000000000224d000 	/System/Library/PrivateFrameworks/LanguageModeling.framework/Versions/A/LanguageModeling
0x000000000224d000 	/usr/lib/libcmph.dylib
0x000000000224d000 	/System/Library/Frameworks/ServiceManagement.framework/Versions/A/ServiceManagement
0x000000000224d000 	/usr/lib/libxslt.1.dylib
0x000000000224d000 	/System/Library/Frameworks/Carbon.framework/Versions/A/Frameworks/Ink.framework/Versions/A/Ink
0x000000000224d000 	/System/Library/Frameworks/QuartzCore.framework/Versions/A/Frameworks/CoreImage.framework/Versions/A/CoreImage
0x000000000224d000 	/System/Library/PrivateFrameworks/CrashReporterSupport.framework/Versions/A/CrashReporterSupport
0x000000000224d000 	/System/Library/Frameworks/OpenCL.framework/Versions/A/OpenCL
0x000000000224d000 	/System/Library/PrivateFrameworks/FaceCore.framework/Versions/A/FaceCore
0x000000000224d000 	/System/Library/PrivateFrameworks/Ubiquity.framework/Versions/A/Ubiquity
0x000000000224d000 	/System/Library/PrivateFrameworks/IconServices.framework/Versions/A/IconServices
0x000000000224d000 	/System/Library/PrivateFrameworks/ChunkingLibrary.framework/Versions/A/ChunkingLibrary
0x000000000224d000 	/System/Library/PrivateFrameworks/Apple80211.framework/Versions/A/Apple80211
0x000000000224d000 	/System/Library/Frameworks/CoreWLAN.framework/Versions/A/CoreWLAN
0x000000000224d000 	/System/Library/Frameworks/IOBluetooth.framework/Versions/A/IOBluetooth
0x000000000224d000 	/System/Library/PrivateFrameworks/CoreWiFi.framework/Versions/A/CoreWiFi
0x000000000224d000 	/System/Library/Frameworks/CoreBluetooth.framework/Versions/A/CoreBluetooth
0x000000000224d000 	/System/Library/PrivateFrameworks/DebugSymbols.framework/Versions/A/DebugSymbols
0x000000000224d000 	/System/Library/PrivateFrameworks/CoreSymbolication.framework/Versions/A/CoreSymbolication
0x000000000224d000 	/System/Library/PrivateFrameworks/Symbolication.framework/Versions/A/Symbolication
0x000000000224d000 	/System/Library/PrivateFrameworks/SpeechRecognitionCore.framework/Versions/A/SpeechRecognitionCore
0x0000000105000000 	/Library/Java/JavaVirtualMachines/jdk1.8.0_20.jdk/Contents/Home/jre/lib/server/libjvm.dylib
0x000000000224d000 	/usr/lib/libstdc++.6.dylib
0x0000000101f28000 	/Library/Java/JavaVirtualMachines/jdk1.8.0_20.jdk/Contents/Home/jre/lib/libverify.dylib
0x0000000101f36000 	/Library/Java/JavaVirtualMachines/jdk1.8.0_20.jdk/Contents/Home/jre/lib/libjava.dylib
0x0000000101f6b000 	/Library/Java/JavaVirtualMachines/jdk1.8.0_20.jdk/Contents/Home/jre/lib/libjdwp.dylib
0x0000000101fb6000 	/Library/Java/JavaVirtualMachines/jdk1.8.0_20.jdk/Contents/Home/jre/lib/libnpt.dylib
0x0000000101fc3000 	/Library/Java/JavaVirtualMachines/jdk1.8.0_20.jdk/Contents/Home/jre/lib/libzip.dylib
0x0000000124424000 	/System/Library/Frameworks/JavaVM.framework/Frameworks/JavaRuntimeSupport.framework/JavaRuntimeSupport
0x000000012443c000 	/System/Library/Frameworks/JavaVM.framework/Versions/A/Frameworks/JavaNativeFoundation.framework/Versions/A/JavaNativeFoundation
0x0000000124451000 	/System/Library/Frameworks/JavaVM.framework/Versions/A/JavaVM
0x000000000224d000 	/System/Library/Frameworks/Carbon.framework/Versions/A/Carbon
0x000000012445e000 	/System/Library/PrivateFrameworks/JavaLaunching.framework/Versions/A/JavaLaunching
0x000000000224d000 	/System/Library/Frameworks/Carbon.framework/Versions/A/Frameworks/CommonPanels.framework/Versions/A/CommonPanels
0x000000000224d000 	/System/Library/Frameworks/Carbon.framework/Versions/A/Frameworks/Help.framework/Versions/A/Help
0x000000000224d000 	/System/Library/Frameworks/Carbon.framework/Versions/A/Frameworks/ImageCapture.framework/Versions/A/ImageCapture
0x000000000224d000 	/System/Library/Frameworks/Carbon.framework/Versions/A/Frameworks/OpenScripting.framework/Versions/A/OpenScripting
0x000000000224d000 	/System/Library/Frameworks/Carbon.framework/Versions/A/Frameworks/Print.framework/Versions/A/Print
0x000000000224d000 	/System/Library/Frameworks/Carbon.framework/Versions/A/Frameworks/SecurityHI.framework/Versions/A/SecurityHI
0x0000000125e45000 	/Library/Java/JavaVirtualMachines/jdk1.8.0_20.jdk/Contents/Home/jre/lib/libdt_socket.dylib
0x0000000126fb5000 	/Library/Java/JavaVirtualMachines/jdk1.8.0_20.jdk/Contents/Home/jre/lib/libjawt.dylib
0x0000000126fb8000 	/Library/Java/JavaVirtualMachines/jdk1.8.0_20.jdk/Contents/Home/jre/lib/./libawt_lwawt.dylib
0x000000012706b000 	/Library/Java/JavaVirtualMachines/jdk1.8.0_20.jdk/Contents/Home/jre/lib/./libawt.dylib
0x000000012711a000 	/Library/Java/JavaVirtualMachines/jdk1.8.0_20.jdk/Contents/Home/jre/lib/./libmlib_image.dylib
0x00000001271e6000 	/Library/Java/JavaVirtualMachines/jdk1.8.0_20.jdk/Contents/Home/jre/lib/./libosxapp.dylib
0x000000000224d000 	/System/Library/Frameworks/ExceptionHandling.framework/Versions/A/ExceptionHandling

VM Arguments:
jvm_args: -agentlib:jdwp=transport=dt_socket,suspend=y,address=localhost:60012 -Dfile.encoding=UTF-8 
java_command: com.dreaminsteam.jarcade.Jarcade
java_class_path (initial): /Users/jpapcun/Documents/non-workspace/JarCade/build:/Users/jpapcun/Documents/non-workspace/JarCade/lib/jna-4.0.0.jar:/Users/jpapcun/Documents/non-workspace/JarCade/lib/purejavahid/purejavahidapi.jar:/Users/jpapcun/Documents/non-workspace/JarCade/lib/vlcj-3.6.0/jna-3.5.2.jar:/Users/jpapcun/Documents/non-workspace/JarCade/lib/vlcj-3.6.0/platform-3.5.2.jar:/Users/jpapcun/Documents/non-workspace/JarCade/lib/vlcj-3.6.0/slf4j-api-1.7.10.jar:/Users/jpapcun/Documents/non-workspace/JarCade/lib/vlcj-3.6.0/vlcj-3.6.0.jar
Launcher Type: SUN_STANDARD

Environment Variables:
PATH=/usr/bin:/bin:/usr/sbin:/sbin
SHELL=/bin/bash
DISPLAY=/private/tmp/com.apple.launchd.BE0EzmifC7/org.macosforge.xquartz:0

Signal Handlers:
SIGSEGV: [libjvm.dylib+0x578fd7], sa_mask[0]=11111111011111110111111111111111, sa_flags=SA_ONSTACK|SA_RESTART|SA_SIGINFO
SIGBUS: [libjvm.dylib+0x578fd7], sa_mask[0]=11111111011111110111111111111111, sa_flags=SA_RESTART|SA_SIGINFO
SIGFPE: [libjvm.dylib+0x45ab0c], sa_mask[0]=11111111011111110111111111111111, sa_flags=SA_RESTART|SA_SIGINFO
SIGPIPE: [libjvm.dylib+0x45ab0c], sa_mask[0]=11111111011111110111111111111111, sa_flags=SA_RESTART|SA_SIGINFO
SIGXFSZ: [libjvm.dylib+0x45ab0c], sa_mask[0]=11111111011111110111111111111111, sa_flags=SA_RESTART|SA_SIGINFO
SIGILL: [libjvm.dylib+0x45ab0c], sa_mask[0]=11111111011111110111111111111111, sa_flags=SA_RESTART|SA_SIGINFO
SIGUSR1: SIG_DFL, sa_mask[0]=00000000000000000000000000000000, sa_flags=none
SIGUSR2: [libjvm.dylib+0x45a62a], sa_mask[0]=00100000000000000000000000000000, sa_flags=SA_RESTART|SA_SIGINFO
SIGHUP: [libjvm.dylib+0x458bfd], sa_mask[0]=11111111011111110111111111111111, sa_flags=SA_RESTART|SA_SIGINFO
SIGINT: [libjvm.dylib+0x458bfd], sa_mask[0]=11111111011111110111111111111111, sa_flags=SA_RESTART|SA_SIGINFO
SIGTERM: [libjvm.dylib+0x458bfd], sa_mask[0]=11111111011111110111111111111111, sa_flags=SA_RESTART|SA_SIGINFO
SIGQUIT: [libjvm.dylib+0x458bfd], sa_mask[0]=11111111011111110111111111111111, sa_flags=SA_RESTART|SA_SIGINFO


---------------  S Y S T E M  ---------------

OS:Bsduname:Darwin 14.3.0 Darwin Kernel Version 14.3.0: Mon Mar 16 23:12:31 PDT 2015; root:xnu-2782.20.48~4/RELEASE_X86_64 x86_64
rlimit: STACK 8192k, CORE 0k, NPROC 709, NOFILE 10240, AS infinity
load average:1.67 1.81 1.81

CPU:total 24 (6 cores per cpu, 2 threads per core) family 6 model 44 stepping 2, cmov, cx8, fxsr, mmx, sse, sse2, sse3, ssse3, sse4.1, sse4.2, popcnt, aes, clmul, ht, tsc, tscinvbit, tscinv

Memory: 4k page, physical 16777216k(195532k free)

/proc/meminfo:


vm_info: Java HotSpot(TM) 64-Bit Server VM (25.20-b23) for bsd-amd64 JRE (1.8.0_20-b26), built on Jul 30 2014 13:37:47 by "java_re" with gcc 4.2.1 (Based on Apple Inc. build 5658) (LLVM build 2336.9.00)

time: Sat Apr  4 12:12:05 2015
elapsed time: 0 seconds (0d 0h 0m 0s)

